<?xml version="1.0" encoding="UTF-8"?>
<!-- Generated by org.testng.reporters.JUnitXMLReporter -->
<testsuite ignored="0" hostname="DESKTOP-TPPTROV" failures="3" tests="3" name="smoke" time="2.327" errors="0" timestamp="2026-02-21T15:50:33 IST">
  <testcase classname="com.testingmind.tests.login.CreateAuthTokenTest" name="createAuthToken_emptyCredentails" time="2.202">
    <failure type="java.lang.IllegalArgumentException" message="Base URI cannot be null">
      <![CDATA[java.lang.IllegalArgumentException: Base URI cannot be null
at org.codehaus.groovy.runtime.callsite.ConstructorSite$ConstructorSiteNoUnwrap.callConstructor(ConstructorSite.java:86)
at org.codehaus.groovy.runtime.callsite.CallSiteArray.defaultCallConstructor(CallSiteArray.java:57)
at org.codehaus.groovy.runtime.callsite.AbstractCallSite.callConstructor(AbstractCallSite.java:263)
at org.codehaus.groovy.runtime.callsite.AbstractCallSite.callConstructor(AbstractCallSite.java:277)
at io.restassured.internal.common.assertion.AssertParameter.notNull(AssertParameter.groovy:26)
at io.restassured.internal.common.assertion.AssertParameter$notNull.callStatic(Unknown Source)
at org.codehaus.groovy.runtime.callsite.CallSiteArray.defaultCallStatic(CallSiteArray.java:53)
at org.codehaus.groovy.runtime.callsite.AbstractCallSite.callStatic(AbstractCallSite.java:217)
at org.codehaus.groovy.runtime.callsite.AbstractCallSite.callStatic(AbstractCallSite.java:240)
at io.restassured.internal.RequestSpecificationImpl.baseUri(RequestSpecificationImpl.groovy:704)
at io.restassured.builder.RequestSpecBuilder.setBaseUri(RequestSpecBuilder.java:1112)
at com.testingmind.builders.RequestSpecificationBuilder.getRequestSpecification(RequestSpecificationBuilder.java:12)
at com.testingmind.core.BaseRequest.<init>(BaseRequest.java:9)
at com.testingmind.clients.AuthClient.<init>(AuthClient.java:14)
at com.testingmind.tests.login.CreateAuthTokenTest.createAuthToken_emptyCredentails(CreateAuthTokenTest.java:57)
at java.base/java.util.ArrayList.forEach(ArrayList.java:1511)
... Removed 34 stack frames]]>
    </failure>
  </testcase> <!-- createAuthToken_emptyCredentails -->
  <testcase classname="com.testingmind.tests.login.CreateAuthTokenTest" name="createAuthToken_inCorrectCredentials" time="0.008">
    <failure type="java.lang.IllegalArgumentException" message="Base URI cannot be null">
      <![CDATA[java.lang.IllegalArgumentException: Base URI cannot be null
at org.codehaus.groovy.runtime.callsite.ConstructorSite$ConstructorSiteNoUnwrap.callConstructor(ConstructorSite.java:86)
at org.codehaus.groovy.runtime.callsite.AbstractCallSite.callConstructor(AbstractCallSite.java:277)
at io.restassured.internal.common.assertion.AssertParameter.notNull(AssertParameter.groovy:26)
at io.restassured.internal.common.assertion.AssertParameter$notNull.callStatic(Unknown Source)
at io.restassured.internal.RequestSpecificationImpl.baseUri(RequestSpecificationImpl.groovy:704)
at io.restassured.builder.RequestSpecBuilder.setBaseUri(RequestSpecBuilder.java:1112)
at com.testingmind.builders.RequestSpecificationBuilder.getRequestSpecification(RequestSpecificationBuilder.java:12)
at com.testingmind.core.BaseRequest.<init>(BaseRequest.java:9)
at com.testingmind.clients.AuthClient.<init>(AuthClient.java:14)
at com.testingmind.tests.login.CreateAuthTokenTest.createAuthToken_inCorrectCredentials(CreateAuthTokenTest.java:40)
at java.base/java.util.ArrayList.forEach(ArrayList.java:1511)
... Removed 34 stack frames]]>
    </failure>
  </testcase> <!-- createAuthToken_inCorrectCredentials -->
  <testcase classname="com.testingmind.tests.login.CreateAuthTokenTest" name="createAuthToken_validCredentails" time="0.004">
    <failure type="java.lang.IllegalArgumentException" message="Base URI cannot be null">
      <![CDATA[java.lang.IllegalArgumentException: Base URI cannot be null
at org.codehaus.groovy.runtime.callsite.ConstructorSite$ConstructorSiteNoUnwrap.callConstructor(ConstructorSite.java:86)
at org.codehaus.groovy.runtime.callsite.AbstractCallSite.callConstructor(AbstractCallSite.java:277)
at io.restassured.internal.common.assertion.AssertParameter.notNull(AssertParameter.groovy:26)
at io.restassured.internal.common.assertion.AssertParameter$notNull.callStatic(Unknown Source)
at io.restassured.internal.RequestSpecificationImpl.baseUri(RequestSpecificationImpl.groovy:704)
at io.restassured.builder.RequestSpecBuilder.setBaseUri(RequestSpecBuilder.java:1112)
at com.testingmind.builders.RequestSpecificationBuilder.getRequestSpecification(RequestSpecificationBuilder.java:12)
at com.testingmind.core.BaseRequest.<init>(BaseRequest.java:9)
at com.testingmind.clients.AuthClient.<init>(AuthClient.java:14)
at com.testingmind.tests.login.CreateAuthTokenTest.createAuthToken_validCredentails(CreateAuthTokenTest.java:21)
at java.base/java.util.ArrayList.forEach(ArrayList.java:1511)
... Removed 34 stack frames]]>
    </failure>
  </testcase> <!-- createAuthToken_validCredentails -->
</testsuite> <!-- smoke -->
